admin
123456
admin123
password
pass
pass123
qwerty
qwerty123
iloveyou
iloveu
administrator
0
00
000
0000
00000
000000
00000000
007007
01
010101
010203
012
0123
01234
012345
0123456
01234567
012345678
0123456789
0123654
020202
02587410
030303
040404
04566321
050505
060606
070707
080808
090909
098765
0987654321
1
10
100000
100100
100200
100200300
100200300400
10203040
1020304050
102030405060
10203040506070
11
111
1111
11111
111111
1111111
11111111
111111111
1111111111
11111111111
111111111111
111122223333
111222333
112233
11223344
1122334455
112233445566
11223344556677
11332244
114477
12
121
121212
12131415
1221
123
123123
123123123
123123123123
12321
123321
1234
1234123
1234321
12344321
12345
123451234
1234512345
123454321
123455
1234554321
123456
12345654321
1234566
123456654321
1234567
12345677
12345678
123456788
123456789
1234567890
1234567891
12345678910
12345678911
12345678912
123456789131
1234567899
1234568
12345a
12345b
12345c
12345d
12345e
12345f
12345g
12345h
12345i
12345j
12345k
12345l
12345m
12345n
12345o
12345p
12345q
12345r
12345s
12345t
12345u
12345v
12345w
12345x
12345y
12345z
123654
1236547
123654789
123698
12369874
131313
141414
147
147147
147258
147258369
147741
147852369
1478963
14789632
147896325
151515
159159
159357
159951
161616
16955
171717
181818
191919
1950
1951
1952
1953
1954
1955
1956
1957
1958
1959
1960
1961
1962
1963
1964
1965
1966
1967
1968
1969
1970
1971
1972
1973
1974
1975
1976
1977
1978
1979
1980
1981
1982
1983
1984
1985
1986
1987
1988
1989
1990
1991
1992
1993
1994
1995
1996
1997
1998
1999
2
2000
2001
2002
2003
2004
2005
2006
2007
2008
2009
2010
2011
2012
21
210
22
222
2222
22222
222222
2222222
22222222
236333
258
258852
3
321
3210
321321
321456
33
332211
333
3333
33333
333333
357753
357951
369
369963
4
412369
417417
4321
43210
44
444
4444
44444
444444
4444444
444444444
445566
4580456
471471
5
54321
543210
55
555
5555
55555
555555
5555555
5678956789
582582
6
654123
654321
6543210
654789
66
665544
666
6666
66666
666666
699633
7
741
741147
7412369
741258963
741852
741852963
753951
7654321
76543210
77
777
7777
77777
777777
7777777
778899
789456
789632
789654123
789987
8
852
85208520
852258
87654321
876543210
88
888
8888
88888
888888
88888888
9
9425111
951753
963
9632147
963963
98
987
987456
987456321
9876
98765
987654
9876543
98765432
987654321
9876543210
987789
99
998877
999
9999
99999
999999
99999999
abc123@